# JRE version: OpenJDK Runtime Environment (11.0.3+7) (build 11.0.3+7-LTS)
# Java VM: OpenJDK 64-Bit Server VM (11.0.3+7-LTS, mixed mode, tiered, compressed oops, g1 gc, windows-amd64)
Heap:
 garbage-first heap   total 1806336K, used 610304K [0x0000000600800000, 0x0000000800000000)
  region size 2048K, 6 young (12288K), 6 survivors (12288K)
 Metaspace       used 165465K, capacity 177850K, committed 186880K, reserved 1204224K
  class space    used 24269K, capacity 30727K, committed 32640K, reserved 1048576K
GC Heap History (10 events):
Event: 74.097 GC heap after
{Heap after GC invocations=31 (full 0):
 garbage-first heap   total 819200K, used 496696K [0x0000000600800000, 0x0000000800000000)
  region size 2048K, 5 young (10240K), 5 survivors (10240K)
 Metaspace       used 164211K, capacity 176325K, committed 186880K, reserved 1204224K
  class space    used 24038K, capacity 30350K, committed 32640K, reserved 1048576K
}
Event: 74.288 GC heap before
{Heap before GC invocations=31 (full 0):
 garbage-first heap   total 819200K, used 527416K [0x0000000600800000, 0x0000000800000000)
  region size 2048K, 20 young (40960K), 5 survivors (10240K)
 Metaspace       used 164211K, capacity 176325K, committed 186880K, reserved 1204224K
  class space    used 24038K, capacity 30350K, committed 32640K, reserved 1048576K
}
Event: 74.341 GC heap after
{Heap after GC invocations=32 (full 0):
 garbage-first heap   total 1136640K, used 435208K [0x0000000600800000, 0x0000000800000000)
  region size 2048K, 2 young (4096K), 2 survivors (4096K)
 Metaspace       used 164211K, capacity 176325K, committed 186880K, reserved 1204224K
  class space    used 24038K, capacity 30350K, committed 32640K, reserved 1048576K
}
Event: 75.786 GC heap before
{Heap before GC invocations=32 (full 0):
 garbage-first heap   total 1136640K, used 775176K [0x0000000600800000, 0x0000000800000000)
  region size 2048K, 169 young (346112K), 2 survivors (4096K)
 Metaspace       used 165136K, capacity 177531K, committed 186880K, reserved 1204224K
  class space    used 24241K, capacity 30686K, committed 32640K, reserved 1048576K
}
Event: 75.832 GC heap after
{Heap after GC invocations=33 (full 0):
 garbage-first heap   total 1136640K, used 498258K [0x0000000600800000, 0x0000000800000000)
  region size 2048K, 22 young (45056K), 22 survivors (45056K)
 Metaspace       used 165136K, capacity 177531K, committed 186880K, reserved 1204224K
  class space    used 24241K, capacity 30686K, committed 32640K, reserved 1048576K
}
Event: 76.950 GC heap before
{Heap before GC invocations=33 (full 0):
 garbage-first heap   total 1136640K, used 815698K [0x0000000600800000, 0x0000000800000000)
  region size 2048K, 177 young (362496K), 22 survivors (45056K)
 Metaspace       used 165178K, capacity 177540K, committed 186880K, reserved 1204224K
  class space    used 24241K, capacity 30686K, committed 32640K, reserved 1048576K
}
Event: 77.038 GC heap after
{Heap after GC invocations=34 (full 0):
 garbage-first heap   total 1136640K, used 573399K [0x0000000600800000, 0x0000000800000000)
  region size 2048K, 23 young (47104K), 23 survivors (47104K)
 Metaspace       used 165178K, capacity 177540K, committed 186880K, reserved 1204224K
  class space    used 24241K, capacity 30686K, committed 32640K, reserved 1048576K
}
Event: 78.399 GC heap before
{Heap before GC invocations=34 (full 0):
 garbage-first heap   total 1136640K, used 845783K [0x0000000600800000, 0x0000000800000000)
  region size 2048K, 156 young (319488K), 23 survivors (47104K)
 Metaspace       used 165434K, capacity 177848K, committed 186880K, reserved 1204224K
  class space    used 24269K, capacity 30727K, committed 32640K, reserved 1048576K
}
Event: 78.473 GC heap after
{Heap after GC invocations=35 (full 0):
 garbage-first heap   total 1136640K, used 612352K [0x0000000600800000, 0x0000000800000000)
  region size 2048K, 18 young (36864K), 18 survivors (36864K)
 Metaspace       used 165434K, capacity 177848K, committed 186880K, reserved 1204224K
  class space    used 24269K, capacity 30727K, committed 32640K, reserved 1048576K
}
Event: 79.653 GC heap before
{Heap before GC invocations=35 (full 0):
 garbage-first heap   total 1136640K, used 864256K [0x0000000600800000, 0x0000000800000000)
  region size 2048K, 146 young (299008K), 18 survivors (36864K)
 Metaspace       used 165465K, capacity 177850K, committed 186880K, reserved 1204224K
  class space    used 24269K, capacity 30727K, committed 32640K, reserved 1048576K
}

